
----- CS 106L SIMPLE TEST HARNESS -----
Written by Avery Wang (2019-2020 lecturer)

----- Starter Code Tests (Provided) -----
Test A_basic                        PASS 
Test B_insert                       PASS 
Test C_clear                        PASS 
Test D_at                           PASS 
Test E_custom_bucket_count          PASS 
Test F_custom_hash_function         PASS 
Test G_erase                        PASS 

----- Milestone 1 Tests (Optional) -----
Test A_rehash_basic                 SKIP 
Test B_rehash_correctness_by_time   SKIP 

----- Milestone 2 Tests (Required) -----
Test A_index_operator               PASS 
{Anna:2}
{Anna:2, Avery:3}
Test B_stream_insertion_operator    PASS 
Test C_equality_operator            PASS 
Test D_const_correctness            SKIP 

----- Milestone 3 Tests (Required) -----
Test A_copy_ctor_assignment         PASS 
Test B_move_ctor_assignment         PASS 
HashMap with 2000 elements (ns)
Copy ctor: 3520374    Move ctor: 77
Copy assign: 12675018  Move assign: 587
Test C_move_time                    PASS 

----- Milestone 4 Tests (Required) -----
(9 short answers graded manually)

----- Milestone 5 Tests (Optional) -----
Test A_initializer_list_ctor        PASS 
Test B_range_ctor                   PASS 

----- Milestone 6 Tests (Optional) -----
1 and 1
2 and 2
21 and 21
30 and 30
140 and 140
--------
-----------------------------
Printing debug information for your HashMap implementation
Size: 5      Buckets: 10      (load factor: 0.5) 

[  0]: -> 140:140 -> 30:30 /
[  1]: -> 21:21 -> 1:1 /
[  2]: -> 2:2 /
[  3]: /
[  4]: /
[  5]: /
[  6]: /
[  7]: /
[  8]: /
[  9]: /
-----------------------------
first_index:0
140 and 140
30 and 30
21 and 21
1 and 1
2 and 2
********
1 and 1
2 and 2
21 and 21
30 and 30
140 and 140
Test A_iterator_for_each_basic----- PASS 
first_index:0
first_index:0
first_index:0
first_index:10
Test B_iterator_for_each_edge------ PASS 
first_index:1
first_index:1
first_index:1
Test C_iterator_operators---------- PASS 
first_index:0
first_index:0
first_index:0
Test D_iterator_algorithm---------- FAIL: VERIFY_TRUE assertion failure at line number 873 in file tests.cpp
first_index:1
first_index:1
Test E_const_iterator-------------- FAIL: VERIFY_TRUE assertion failure at line number 890 in file tests.cpp
first_index:1
first_index:1
first_index:1
first_index:1
first_index:1
first_index:1
first_index:1
Test F_iterator_const_correctness-- PASS 

----- Test Harness Summary -----
Required tests: 13/14 (excluding short answers)
Optional tests: 6/10

Super close! 
Some tests were failed or skipped. 
If stuck, try adding a map.debug() call before a VERIFY_TRUE.
Great job completing the extensions! 

----- End of Test Harness -----
